Using pre-set license
Built from '2020.3/staging' branch; Version is '2020.3.13f1 (71691879b7f5) revision 7432472'; Using compiler version '192528614'; Build Type 'Release'
OS: 'Windows 10 Home Single Language; OS build 19041.1083; Version 2004; 64bit' Language: 'en' Physical Memory: 8067 MB
BatchMode: 1, IsHumanControllingUs: 0, StartBugReporterOnCrash: 0, Is64bit: 1, IsPro: 0

 COMMAND LINE ARGUMENTS:
E:\Unity\2020.3.13f1\Editor\Unity.exe
-adb2
-batchMode
-noUpm
-name
AssetImportWorker0
-projectPath
E:/NSC/NSC2/Himmapan_Hunt
-logFile
Logs/AssetImportWorker0.log
-srvPort
8326
Successfully changed project path to: E:/NSC/NSC2/Himmapan_Hunt
E:/NSC/NSC2/Himmapan_Hunt
Using Asset Import Pipeline V2.
Refreshing native plugins compatible for Editor in 85.72 ms, found 2 plugins.
Preloading 0 native plugins for Editor in 0.00 ms.
Initialize engine version: 2020.3.13f1 (71691879b7f5)
[Subsystems] Discovering subsystems at path E:/Unity/2020.3.13f1/Editor/Data/Resources/UnitySubsystems
[Subsystems] Discovering subsystems at path E:/NSC/NSC2/Himmapan_Hunt/Assets
GfxDevice: creating device client; threaded=0
Direct3D:
    Version:  Direct3D 11.0 [level 11.0]
    Renderer: NVIDIA GeForce 940MX (ID=0x134d)
    Vendor:   
    VRAM:     2010 MB
    Driver:   24.21.13.9793
Initialize mono
Mono path[0] = 'E:/Unity/2020.3.13f1/Editor/Data/Managed'
Mono path[1] = 'E:/Unity/2020.3.13f1/Editor/Data/MonoBleedingEdge/lib/mono/unityjit'
Mono config path = 'E:/Unity/2020.3.13f1/Editor/Data/MonoBleedingEdge/etc'
Using monoOptions --debugger-agent=transport=dt_socket,embedding=1,server=y,suspend=n,address=127.0.0.1:56560
Begin MonoManager ReloadAssembly
Registering precompiled unity dll's ...
Register platform support module: E:/Unity/2020.3.13f1/Editor/Data/PlaybackEngines/WindowsStandaloneSupport/UnityEditor.WindowsStandalone.Extensions.dll
Registered in 0.003934 seconds.
Native extension for WindowsStandalone target not found
Refreshing native plugins compatible for Editor in 130.12 ms, found 2 plugins.
Preloading 0 native plugins for Editor in 0.00 ms.
Mono: successfully reloaded assembly
- Completed reload, in  3.202 seconds
Platform modules already initialized, skipping
Registering precompiled user dll's ...
Registered in 0.010564 seconds.
Begin MonoManager ReloadAssembly
Native extension for WindowsStandalone target not found
Refreshing native plugins compatible for Editor in 0.49 ms, found 2 plugins.
Preloading 0 native plugins for Editor in 0.00 ms.
Mono: successfully reloaded assembly
- Completed reload, in  3.181 seconds
Platform modules already initialized, skipping
========================================================================
Worker process is ready to serve import requests
Launched and connected shader compiler UnityShaderCompiler.exe after 0.22 seconds
Refreshing native plugins compatible for Editor in 0.70 ms, found 2 plugins.
Preloading 0 native plugins for Editor in 0.00 ms.
Unloading 1390 Unused Serialized files (Serialized files now loaded: 0)
System memory in use before: 64.8 MB.
System memory in use after: 64.9 MB.

Unloading 18 unused Assets to reduce memory usage. Loaded Objects now: 1825.
Total: 3.918200 ms (FindLiveObjects: 0.315100 ms CreateObjectMapping: 0.099700 ms MarkObjects: 3.368600 ms  DeleteObjects: 0.132500 ms)

AssetImportParameters requested are different than current active one (requested -> active):
  custom:framework-win-MediaFoundation: 216162199b28c13a410421893ffa2e32 -> 
  custom:video-decoder-ogg-theora: a1e56fd34408186e4bbccfd4996cb3dc -> 
  custom:container-muxer-webm: aa71ff27fc2769a1b78a27578f13a17b -> 
  custom:container-demuxer-webm: 4f35f7cbe854078d1ac9338744f61a02 -> 
  custom:container-demuxer-ogg: 62fdf1f143b41e24485cea50d1cbac27 -> 
  custom:video-encoder-webm-vp8: eb34c28f22e8b96e1ab97ce403110664 -> 
  custom:video-decoder-webm-vp8: 9c59270c3fd7afecdb556c50c9e8de78 -> 
  custom:audio-decoder-ogg-vorbis: bf7c407c2cedff20999df2af8eb42d56 -> 
  custom:audio-encoder-webm-vorbis: bf7c407c2cedff20999df2af8eb42d56 -> 
========================================================================
Received Import Request.
  path: Assets/Scenes/UI.unity
  artifactKey: Guid(fff9c043be0dc5f4b8fd679ab092c890) Importer(815301076,1909f56bfc062723c751e8b465ee728b)
Start importing Assets/Scenes/UI.unity using Guid(fff9c043be0dc5f4b8fd679ab092c890) Importer(815301076,1909f56bfc062723c751e8b465ee728b)  -> (artifact id: '1e494a37fffa8dc48b8ea89261fb0c45') in 0.033600 seconds 
  Import took 0.057801 seconds .

========================================================================
Received Import Request.
  Time since last request: 3.922307 seconds.
  path: Assets/Material/New Material.mat
  artifactKey: Guid(7f9cce827afca27438c8c78e5ddac49d) Importer(815301076,1909f56bfc062723c751e8b465ee728b)
Start importing Assets/Material/New Material.mat using Guid(7f9cce827afca27438c8c78e5ddac49d) Importer(815301076,1909f56bfc062723c751e8b465ee728b)  -> (artifact id: '11a19e2e86185684f95d6790b75a0078') in 0.529365 seconds 
  Import took 0.724292 seconds .

========================================================================
Received Import Request.
  Time since last request: 0.056456 seconds.
  path: Assets/Material/UIDesing-1 1.png
  artifactKey: Guid(b2aec3a1ed57cdd4bb2fec3896755423) Importer(815301076,1909f56bfc062723c751e8b465ee728b)
Start importing Assets/Material/UIDesing-1 1.png using Guid(b2aec3a1ed57cdd4bb2fec3896755423) Importer(815301076,1909f56bfc062723c751e8b465ee728b)  -> (artifact id: '74f8e0c4cfa9ed04a63834ea64357f9c') in 0.316434 seconds 
  Import took 0.326429 seconds .

========================================================================
Received Import Request.
  Time since last request: 0.000484 seconds.
  path: Assets/Material/UIDesing-1.png
  artifactKey: Guid(06d5ac8c1adc1004db02fa447ea33234) Importer(815301076,1909f56bfc062723c751e8b465ee728b)
Start importing Assets/Material/UIDesing-1.png using Guid(06d5ac8c1adc1004db02fa447ea33234) Importer(815301076,1909f56bfc062723c751e8b465ee728b)  -> (artifact id: '804a446e78a219dc8a9b50132fe7616a') in 0.135556 seconds 
  Import took 0.143047 seconds .

========================================================================
Received Import Request.
  Time since last request: 17.567442 seconds.
  path: Assets/Material/TestGroundUI.mat
  artifactKey: Guid(7f9cce827afca27438c8c78e5ddac49d) Importer(815301076,1909f56bfc062723c751e8b465ee728b)
Start importing Assets/Material/TestGroundUI.mat using Guid(7f9cce827afca27438c8c78e5ddac49d) Importer(815301076,1909f56bfc062723c751e8b465ee728b)  -> (artifact id: 'bb7cfb203175fd756e242cc327986238') in 0.034570 seconds 
  Import took 0.068237 seconds .

========================================================================
Received Import Request.
  Time since last request: 0.739094 seconds.
  path: Assets/UI/HPBorder.png
  artifactKey: Guid(8b0b3946a0b2ee14eae580b45dbbc753) Importer(815301076,1909f56bfc062723c751e8b465ee728b)
Start importing Assets/UI/HPBorder.png using Guid(8b0b3946a0b2ee14eae580b45dbbc753) Importer(815301076,1909f56bfc062723c751e8b465ee728b)  -> (artifact id: '7fb8779f2cc74a4dc30ed060888f299a') in 0.138377 seconds 
  Import took 0.173799 seconds .

========================================================================
Received Import Request.
  Time since last request: 0.000875 seconds.
  path: Assets/UI/HPBorder.psd
  artifactKey: Guid(dbd2cddde93425043ab6acf29d30b353) Importer(815301076,1909f56bfc062723c751e8b465ee728b)
Start importing Assets/UI/HPBorder.psd using Guid(dbd2cddde93425043ab6acf29d30b353) Importer(815301076,1909f56bfc062723c751e8b465ee728b)  -> (artifact id: '518734cf3285bae6717e04ce0f1eda22') in 0.237103 seconds 
  Import took 0.257895 seconds .

AssetImportWorkerClient::OnTransportError - code=2 error=End of file
